\BOOKMARK [1][-]{Doc-Start}{\376\377\173\054\0001\220\350\122\006\000\040\145\207\163\056\154\107\142\245}{}% 1
\BOOKMARK [2][-]{section*.1}{\376\377\145\207\163\056\154\107\142\245}{Doc-Start}% 2
\BOOKMARK [2][-]{section*.1}{\376\377\0001\000.\0001\000\040\143\210\147\103\116\023\122\051\123\312\133\241\147\345\141\017\211\301\116\146\122\006\147\220}{Doc-Start}% 3
\BOOKMARK [2][-]{figure.caption.3}{\376\377\0001\000.\0002\000\040\116\023\122\051\166\370\121\163\147\037\122\012\213\272\145\207\122\006\147\220}{Doc-Start}% 4
\BOOKMARK [1][-]{table.caption.4}{\376\377\173\054\0002\220\350\122\006\000\040\134\017\176\304\142\245\124\112}{}% 5
\BOOKMARK [2][-]{section*.5}{\376\377\142\245\124\112\144\260\121\231\116\012\166\204\142\200\135\347\143\320\171\072}{table.caption.4}% 6
\BOOKMARK [2][-]{section*.5}{\376\377\134\017\176\304\142\245\124\112\230\230\166\356}{table.caption.4}% 7
\BOOKMARK [2][-]{section*.5}{\376\377\116\055\145\207\131\047\176\262}{table.caption.4}% 8
\BOOKMARK [2][-]{section*.5}{\376\377\116\055\145\207\121\163\225\056\213\315}{table.caption.4}% 9
\BOOKMARK [2][-]{section*.5}{\376\377\0002\000.\0001\000\040\170\024\172\166\200\314\146\157\116\016\220\011\230\230\141\017\116\111}{table.caption.4}% 10
\BOOKMARK [2][-]{section*.5}{\376\377\0002\000.\0002\000\040\146\172\200\375\154\064\116\247\121\173\153\226\142\200\147\057\123\237\164\006}{table.caption.4}% 11
\BOOKMARK [2][-]{figure.caption.8}{\376\377\0002\000.\0003\000\040\213\276\131\007\147\204\142\020\116\016\174\373\176\337\147\266\147\204}{table.caption.4}% 12
\BOOKMARK [2][-]{figure.caption.11}{\376\377\0002\000.\0004\000\040\116\247\116\032\136\224\165\050\127\072\146\157}{table.caption.4}% 13
\BOOKMARK [2][-]{figure.caption.12}{\376\377\0002\000.\0005\000\040\146\172\200\375\154\064\116\247\121\173\153\226\116\016\117\040\176\337\121\173\153\226\152\041\137\017\153\324\217\203}{table.caption.4}% 14
\BOOKMARK [2][-]{table.caption.13}{\376\377\0002\000.\0006\000\040\117\030\122\277\116\367\120\074}{table.caption.4}% 15
\BOOKMARK [2][-]{table.caption.13}{\376\377\0002\000.\0007\000\040\116\023\122\051\136\003\134\100\116\016\116\247\116\032\217\154\123\026\122\006\147\220}{table.caption.4}% 16
\BOOKMARK [2][-]{figure.caption.14}{\376\377\0002\000.\0008\000\040\163\260\133\130\225\356\230\230\116\016\145\071\217\333\215\357\137\204}{table.caption.4}% 17
\BOOKMARK [2][-]{table.caption.15}{\376\377\0002\000.\0009\000\040\147\052\147\145\123\321\134\125\145\271\124\021}{table.caption.4}% 18
\BOOKMARK [2][-]{table.caption.15}{\376\377\123\302\200\003\145\207\163\056}{table.caption.4}% 19
\BOOKMARK [1][-]{Item.7}{\376\377\173\054\0003\220\350\122\006\000\040\176\323\124\010\116\272\135\345\146\172\200\375\135\345\121\167\136\224\165\050\116\216\147\054\213\376\172\013\133\146\116\140\116\016\142\245\124\112\116\146\166\204\122\066\117\134}{}% 20
\BOOKMARK [1][-]{figure.caption.16}{\376\377\173\054\0004\220\350\122\006\000\040\133\146\116\140\217\307\172\013\124\150\213\260}{}% 21
\BOOKMARK [2][-]{section*.17}{\376\377\134\017\176\304\173\054\0001\117\115\133\146\165\037\377\032\204\133\171\217\203\143}{figure.caption.16}% 22
\BOOKMARK [2][-]{table.5}{\376\377\134\017\176\304\173\054\0002\117\115\133\146\165\037\377\032\205\041\133\120\203\143}{figure.caption.16}% 23
\BOOKMARK [1][-]{table.5}{\376\377\173\054\0005\220\350\122\006\000\040\213\376\172\013\142\245\124\112\116\146\140\073\176\323}{}% 24
\BOOKMARK [2][-]{section*.18}{\376\377\0002\122\006\224\237\123\343\131\064\142\245\124\112\143\320\171\072}{table.5}% 25
\BOOKMARK [2][-]{section*.18}{\376\377\134\017\176\304\135\345\117\134\122\006\221\115\153\324\117\213}{table.5}% 26
\BOOKMARK [2][-]{table.caption.19}{\376\377\213\376\172\013\142\245\124\112\116\146\176\337\213\241}{table.5}% 27
\BOOKMARK [2][-]{table.caption.20}{\376\377\116\343\210\150\140\047\121\205\133\271\213\364\146\016}{table.5}% 28
