This is pdfTeX, Version 3.141592653-2.6-1.40.27 (TeX Live 2025) (preloaded format=pdflatex 2025.8.14)  23 MAY 2026 15:53
entering extended mode
 restricted \write18 enabled.
 %&-line parsing enabled.
**µÖ║Þâ¢Õè®Õ¡ªþöƒþë®õ║ºõ©Üõ©ôÕê®µíêõ¥ïÞ»¥þ¿ïµèÑÕæèõ╣ªµ¿íµØ┐.tex
(./µÖ║Þâ¢Õè®Õ¡ªþöƒþë®õ║ºõ©Üõ©ôÕê®µíêõ¥ïÞ»¥þ¿ïµèÑÕæèõ╣ªµ¿íµØ┐.tex
LaTeX2e <2024-11-01> patch level 2
L3 programming layer <2025-01-18>
(d:/Latex/texlive/2025/texmf-dist/tex/latex/ctex/ctexart.cls
(d:/Latex/texlive/2025/texmf-dist/tex/latex/ctex/config/ctexbackend.cfg
File: ctexbackend.cfg 2022/07/14 v2.5.10 Backend configuration file (CTEX)
)
(d:/Latex/texlive/2025/texmf-dist/tex/latex/l3kernel/expl3.sty
Package: expl3 2025-01-18 L3 programming layer (loader) 

(d:/Latex/texlive/2025/texmf-dist/tex/latex/l3backend/l3backend-pdftex.def
File: l3backend-pdftex.def 2024-05-08 L3 backend support: PDF output (pdfTeX)
\l__color_backend_stack_int=\count196
\l__pdf_internal_box=\box52
))
Document Class: ctexart 2022/07/14 v2.5.10 Chinese adapter for class article (C
TEX)
(d:/Latex/texlive/2025/texmf-dist/tex/latex/ctex/ctexhook.sty
Package: ctexhook 2022/07/14 v2.5.10 Document and package hooks (CTEX)
)
(d:/Latex/texlive/2025/texmf-dist/tex/latex/ctex/ctexpatch.sty
Package: ctexpatch 2022/07/14 v2.5.10 Patching commands (CTEX)
)
(d:/Latex/texlive/2025/texmf-dist/tex/latex/base/fix-cm.sty
Package: fix-cm 2020/11/24 v1.1t fixes to LaTeX

(d:/Latex/texlive/2025/texmf-dist/tex/latex/base/ts1enc.def
File: ts1enc.def 2001/06/05 v3.0e (jk/car/fm) Standard LaTeX file
LaTeX Font Info:    Redeclaring font encoding TS1 on input line 47.
))
\l__ctex_tmp_int=\count197
\l__ctex_tmp_box=\box53
\l__ctex_tmp_dim=\dimen141
\g__ctex_section_depth_int=\count198
\g__ctex_font_size_int=\count199

(d:/Latex/texlive/2025/texmf-dist/tex/latex/ctex/config/ctexopts.cfg
File: ctexopts.cfg 2022/07/14 v2.5.10 Option configuration file (CTEX)
)
(d:/Latex/texlive/2025/texmf-dist/tex/latex/base/article.cls
Document Class: article 2024/06/29 v1.4n Standard LaTeX document class
(d:/Latex/texlive/2025/texmf-dist/tex/latex/base/size12.clo
File: size12.clo 2024/06/29 v1.4n Standard LaTeX file (size option)
)
\c@part=\count266
\c@section=\count267
\c@subsection=\count268
\c@subsubsection=\count269
\c@paragraph=\count270
\c@subparagraph=\count271
\c@figure=\count272
\c@table=\count273
\abovecaptionskip=\skip49
\belowcaptionskip=\skip50
\bibindent=\dimen142
)
(d:/Latex/texlive/2025/texmf-dist/tex/latex/ctex/engine/ctex-engine-pdftex.def
File: ctex-engine-pdftex.def 2022/07/14 v2.5.10 (pdf)LaTeX adapter (CTEX)

(d:/Latex/texlive/2025/texmf-dist/tex/latex/cjk/texinput/CJKutf8.sty
Package: CJKutf8 2021/10/16 4.8.5

(d:/Latex/texlive/2025/texmf-dist/tex/generic/iftex/ifpdf.sty
Package: ifpdf 2019/10/25 v3.4 ifpdf legacy package. Use iftex instead.

(d:/Latex/texlive/2025/texmf-dist/tex/generic/iftex/iftex.sty
Package: iftex 2024/12/12 v1.0g TeX engine tests
))
(d:/Latex/texlive/2025/texmf-dist/tex/latex/base/inputenc.sty
Package: inputenc 2024/02/08 v1.3d Input encoding file
\inpenc@prehook=\toks17
\inpenc@posthook=\toks18
)
(d:/Latex/texlive/2025/texmf-dist/tex/latex/cjk/texinput/CJK.sty
Package: CJK 2021/10/16 4.8.5

(d:/Latex/texlive/2025/texmf-dist/tex/latex/cjk/texinput/mule/MULEenc.sty
Package: MULEenc 2021/10/16 4.8.5
)
(d:/Latex/texlive/2025/texmf-dist/tex/latex/cjk/texinput/CJK.enc
File: CJK.enc 2021/10/16 4.8.5
Now handling font encoding C00 ...
... no UTF-8 mapping file for font encoding C00
Now handling font encoding C05 ...
... no UTF-8 mapping file for font encoding C05
Now handling font encoding C09 ...
... no UTF-8 mapping file for font encoding C09
Now handling font encoding C10 ...
... no UTF-8 mapping file for font encoding C10
Now handling font encoding C20 ...
... no UTF-8 mapping file for font encoding C20
Now handling font encoding C19 ...
... no UTF-8 mapping file for font encoding C19
Now handling font encoding C40 ...
... no UTF-8 mapping file for font encoding C40
Now handling font encoding C42 ...
... no UTF-8 mapping file for font encoding C42
Now handling font encoding C43 ...
... no UTF-8 mapping file for font encoding C43
Now handling font encoding C50 ...
... no UTF-8 mapping file for font encoding C50
Now handling font encoding C52 ...
... no UTF-8 mapping file for font encoding C52
Now handling font encoding C49 ...
... no UTF-8 mapping file for font encoding C49
Now handling font encoding C60 ...
... no UTF-8 mapping file for font encoding C60
Now handling font encoding C61 ...
... no UTF-8 mapping file for font encoding C61
Now handling font encoding C63 ...
... no UTF-8 mapping file for font encoding C63
Now handling font encoding C64 ...
... no UTF-8 mapping file for font encoding C64
Now handling font encoding C65 ...
... no UTF-8 mapping file for font encoding C65
Now handling font encoding C70 ...
... no UTF-8 mapping file for font encoding C70
Now handling font encoding C31 ...
... no UTF-8 mapping file for font encoding C31
Now handling font encoding C32 ...
... no UTF-8 mapping file for font encoding C32
Now handling font encoding C33 ...
... no UTF-8 mapping file for font encoding C33
Now handling font encoding C34 ...
... no UTF-8 mapping file for font encoding C34
Now handling font encoding C35 ...
... no UTF-8 mapping file for font encoding C35
Now handling font encoding C36 ...
... no UTF-8 mapping file for font encoding C36
Now handling font encoding C37 ...
... no UTF-8 mapping file for font encoding C37
Now handling font encoding C80 ...
... no UTF-8 mapping file for font encoding C80
Now handling font encoding C81 ...
... no UTF-8 mapping file for font encoding C81
Now handling font encoding C01 ...
... no UTF-8 mapping file for font encoding C01
Now handling font encoding C11 ...
... no UTF-8 mapping file for font encoding C11
Now handling font encoding C21 ...
... no UTF-8 mapping file for font encoding C21
Now handling font encoding C41 ...
... no UTF-8 mapping file for font encoding C41
Now handling font encoding C62 ...
... no UTF-8 mapping file for font encoding C62
)
\CJK@indent=\box54
)
(d:/Latex/texlive/2025/texmf-dist/tex/latex/base/fontenc.sty
Package: fontenc 2021/04/29 v2.0v Standard LaTeX package
))
(d:/Latex/texlive/2025/texmf-dist/tex/latex/cjkpunct/CJKpunct.sty
Package: CJKpunct 2016/05/14 4.8.4
\CJKpunct@cnta=\count274
\CJKpunct@cntb=\count275
\CJKpunct@cntc=\count276
\CJKpunct@cntd=\count277
\CJKpunct@cnte=\count278
   defining Unicode char U+2018 (decimal 8216)
   defining Unicode char U+2019 (decimal 8217)
   defining Unicode char U+201C (decimal 8220)
   defining Unicode char U+201D (decimal 8221)
   defining Unicode char U+2014 (decimal 8212)
   defining Unicode char U+2026 (decimal 8230)

(d:/Latex/texlive/2025/texmf-dist/tex/latex/cjkpunct/CJKpunct.spa))
(d:/Latex/texlive/2025/texmf-dist/tex/latex/cjk/texinput/CJKspace.sty
Package: CJKspace 2021/10/16 3.8.0
)
(d:/Latex/texlive/2025/texmf-dist/tex/latex/cjk/texinput/UTF8/UTF8.bdg
File: UTF8.bdg 2021/10/16 4.8.5
)
(d:/Latex/texlive/2025/texmf-dist/tex/latex/ctex/ctexspa.def
File: ctexspa.def 2022/07/14 v2.5.10 Space info for CJKpunct (CTEX)
)
\ccwd=\dimen143
\l__ctex_ccglue_skip=\skip51
)
\l__ctex_ziju_dim=\dimen144

(d:/Latex/texlive/2025/texmf-dist/tex/latex/zhnumber/zhnumber.sty
Package: zhnumber 2022/07/14 v3.0 Typesetting numbers with Chinese glyphs
\l__zhnum_scale_int=\count279
\l__zhnum_tmp_int=\count280

(d:/Latex/texlive/2025/texmf-dist/tex/latex/zhnumber/zhnumber-utf8.cfg
File: zhnumber-utf8.cfg 2022/07/14 v3.0 Chinese numerals with UTF8 encoding
))
\l__ctex_heading_skip=\skip52

(d:/Latex/texlive/2025/texmf-dist/tex/latex/ctex/scheme/ctex-scheme-chinese-art
icle.def
File: ctex-scheme-chinese-article.def 2022/07/14 v2.5.10 Chinese scheme for art
icle (CTEX)

(d:/Latex/texlive/2025/texmf-dist/tex/latex/ctex/config/ctex-name-utf8.cfg
File: ctex-name-utf8.cfg 2022/07/14 v2.5.10 Caption with encoding UTF-8 (CTEX)
))
(d:/Latex/texlive/2025/texmf-dist/tex/latex/ctex/ctex-cs4size.clo
File: ctex-cs4size.clo 2022/07/14 v2.5.10 cs4size option (CTEX)
)
(d:/Latex/texlive/2025/texmf-dist/tex/latex/ctex/fontset/ctex-fontset-windows.d
ef
File: ctex-fontset-windows.def 2022/07/14 v2.5.10 Windows fonts definition (CTE
X)
)) (d:/Latex/texlive/2025/texmf-dist/tex/latex/ctex/config/ctex.cfg
File: ctex.cfg 2022/07/14 v2.5.10 Configuration file (CTEX)
)
(d:/Latex/texlive/2025/texmf-dist/tex/latex/geometry/geometry.sty
Package: geometry 2020/01/02 v5.9 Page Geometry

(d:/Latex/texlive/2025/texmf-dist/tex/latex/graphics/keyval.sty
Package: keyval 2022/05/29 v1.15 key=value parser (DPC)
\KV@toks@=\toks19
)
(d:/Latex/texlive/2025/texmf-dist/tex/generic/iftex/ifvtex.sty
Package: ifvtex 2019/10/25 v1.7 ifvtex legacy package. Use iftex instead.
)
\Gm@cnth=\count281
\Gm@cntv=\count282
\c@Gm@tempcnt=\count283
\Gm@bindingoffset=\dimen145
\Gm@wd@mp=\dimen146
\Gm@odd@mp=\dimen147
\Gm@even@mp=\dimen148
\Gm@layoutwidth=\dimen149
\Gm@layoutheight=\dimen150
\Gm@layouthoffset=\dimen151
\Gm@layoutvoffset=\dimen152
\Gm@dimlist=\toks20
)
(d:/Latex/texlive/2025/texmf-dist/tex/latex/graphics/graphicx.sty
Package: graphicx 2021/09/16 v1.2d Enhanced LaTeX Graphics (DPC,SPQR)

(d:/Latex/texlive/2025/texmf-dist/tex/latex/graphics/graphics.sty
Package: graphics 2024/08/06 v1.4g Standard LaTeX Graphics (DPC,SPQR)

(d:/Latex/texlive/2025/texmf-dist/tex/latex/graphics/trig.sty
Package: trig 2023/12/02 v1.11 sin cos tan (DPC)
)
(d:/Latex/texlive/2025/texmf-dist/tex/latex/graphics-cfg/graphics.cfg
File: graphics.cfg 2016/06/04 v1.11 sample graphics configuration
)
Package graphics Info: Driver file: pdftex.def on input line 106.

(d:/Latex/texlive/2025/texmf-dist/tex/latex/graphics-def/pdftex.def
File: pdftex.def 2024/04/13 v1.2c Graphics/color driver for pdftex
))
\Gin@req@height=\dimen153
\Gin@req@width=\dimen154
)
(d:/Latex/texlive/2025/texmf-dist/tex/latex/booktabs/booktabs.sty
Package: booktabs 2020/01/12 v1.61803398 Publication quality tables
\heavyrulewidth=\dimen155
\lightrulewidth=\dimen156
\cmidrulewidth=\dimen157
\belowrulesep=\dimen158
\belowbottomsep=\dimen159
\aboverulesep=\dimen160
\abovetopsep=\dimen161
\cmidrulesep=\dimen162
\cmidrulekern=\dimen163
\defaultaddspace=\dimen164
\@cmidla=\count284
\@cmidlb=\count285
\@aboverulesep=\dimen165
\@belowrulesep=\dimen166
\@thisruleclass=\count286
\@lastruleclass=\count287
\@thisrulewidth=\dimen167
)
(d:/Latex/texlive/2025/texmf-dist/tex/latex/tools/array.sty
Package: array 2024/10/17 v2.6g Tabular extension package (FMi)
\col@sep=\dimen168
\ar@mcellbox=\box55
\extrarowheight=\dimen169
\NC@list=\toks21
\extratabsurround=\skip53
\backup@length=\skip54
\ar@cellbox=\box56
)
(d:/Latex/texlive/2025/texmf-dist/tex/latex/tools/longtable.sty
Package: longtable 2024-10-27 v4.22 Multi-page Table package (DPC)
\LTleft=\skip55
\LTright=\skip56
\LTpre=\skip57
\LTpost=\skip58
\LTchunksize=\count288
\LTcapwidth=\dimen170
\LT@head=\box57
\LT@firsthead=\box58
\LT@foot=\box59
\LT@lastfoot=\box60
\LT@gbox=\box61
\LT@cols=\count289
\LT@rows=\count290
\c@LT@tables=\count291
\c@LT@chunks=\count292
\LT@p@ftn=\toks22
)
(d:/Latex/texlive/2025/texmf-dist/tex/latex/tools/tabularx.sty
Package: tabularx 2023/12/11 v2.12a `tabularx' package (DPC)
\TX@col@width=\dimen171
\TX@old@table=\dimen172
\TX@old@col=\dimen173
\TX@target=\dimen174
\TX@delta=\dimen175
\TX@cols=\count293
\TX@ftn=\toks23
)
(d:/Latex/texlive/2025/texmf-dist/tex/latex/float/float.sty
Package: float 2001/11/08 v1.3d Float enhancements (AL)
\c@float@type=\count294
\float@exts=\toks24
\float@box=\box62
\@float@everytoks=\toks25
\@floatcapt=\box63
)
(d:/Latex/texlive/2025/texmf-dist/tex/latex/caption/caption.sty
Package: caption 2023/08/05 v3.6o Customizing captions (AR)

(d:/Latex/texlive/2025/texmf-dist/tex/latex/caption/caption3.sty
Package: caption3 2023/07/31 v2.4d caption3 kernel (AR)
\caption@tempdima=\dimen176
\captionmargin=\dimen177
\caption@leftmargin=\dimen178
\caption@rightmargin=\dimen179
\caption@width=\dimen180
\caption@indent=\dimen181
\caption@parindent=\dimen182
\caption@hangindent=\dimen183
Package caption Info: Standard document class detected.
)
\c@caption@flags=\count295
\c@continuedfloat=\count296
Package caption Info: float package is loaded.
Package caption Info: longtable package is loaded.

(d:/Latex/texlive/2025/texmf-dist/tex/latex/caption/ltcaption.sty
Package: ltcaption 2021/01/08 v1.4c longtable captions (AR)
))
(d:/Latex/texlive/2025/texmf-dist/tex/latex/setspace/setspace.sty
Package: setspace 2022/12/04 v6.7b set line spacing
)
(d:/Latex/texlive/2025/texmf-dist/tex/latex/fancyhdr/fancyhdr.sty
Package: fancyhdr 2025/02/07 v5.2 Extensive control of page headers and footers

\f@nch@headwidth=\skip59
\f@nch@offset@elh=\skip60
\f@nch@offset@erh=\skip61
\f@nch@offset@olh=\skip62
\f@nch@offset@orh=\skip63
\f@nch@offset@elf=\skip64
\f@nch@offset@erf=\skip65
\f@nch@offset@olf=\skip66
\f@nch@offset@orf=\skip67
\f@nch@height=\skip68
\f@nch@footalignment=\skip69
\f@nch@widthL=\skip70
\f@nch@widthC=\skip71
\f@nch@widthR=\skip72
\@temptokenb=\toks26
)
(d:/Latex/texlive/2025/texmf-dist/tex/latex/titlesec/titlesec.sty
Package: titlesec 2025/01/04 v2.17 Sectioning titles
\ttl@box=\box64
\beforetitleunit=\skip73
\aftertitleunit=\skip74
\ttl@plus=\dimen184
\ttl@minus=\dimen185
\ttl@toksa=\toks27
\titlewidth=\dimen186
\titlewidthlast=\dimen187
\titlewidthfirst=\dimen188
)
(d:/Latex/texlive/2025/texmf-dist/tex/latex/enumitem/enumitem.sty
Package: enumitem 2025/02/06 v3.11 Customized lists
\labelindent=\skip75
\enit@outerparindent=\dimen189
\enit@toks=\toks28
\enit@inbox=\box65
\enit@count@id=\count297
\enitdp@description=\count298
)
(d:/Latex/texlive/2025/texmf-dist/tex/latex/hyperref/hyperref.sty
Package: hyperref 2024-11-05 v7.01l Hypertext links for LaTeX

(d:/Latex/texlive/2025/texmf-dist/tex/latex/kvsetkeys/kvsetkeys.sty
Package: kvsetkeys 2022-10-05 v1.19 Key value parser (HO)
)
(d:/Latex/texlive/2025/texmf-dist/tex/generic/kvdefinekeys/kvdefinekeys.sty
Package: kvdefinekeys 2019-12-19 v1.6 Define keys (HO)
)
(d:/Latex/texlive/2025/texmf-dist/tex/generic/pdfescape/pdfescape.sty
Package: pdfescape 2019/12/09 v1.15 Implements pdfTeX's escape features (HO)

(d:/Latex/texlive/2025/texmf-dist/tex/generic/ltxcmds/ltxcmds.sty
Package: ltxcmds 2023-12-04 v1.26 LaTeX kernel commands for general use (HO)
)
(d:/Latex/texlive/2025/texmf-dist/tex/generic/pdftexcmds/pdftexcmds.sty
Package: pdftexcmds 2020-06-27 v0.33 Utility functions of pdfTeX for LuaTeX (HO
)

(d:/Latex/texlive/2025/texmf-dist/tex/generic/infwarerr/infwarerr.sty
Package: infwarerr 2019/12/03 v1.5 Providing info/warning/error messages (HO)
)
Package pdftexcmds Info: \pdf@primitive is available.
Package pdftexcmds Info: \pdf@ifprimitive is available.
Package pdftexcmds Info: \pdfdraftmode found.
))
(d:/Latex/texlive/2025/texmf-dist/tex/latex/hycolor/hycolor.sty
Package: hycolor 2020-01-27 v1.10 Color options for hyperref/bookmark (HO)
)
(d:/Latex/texlive/2025/texmf-dist/tex/latex/hyperref/nameref.sty
Package: nameref 2023-11-26 v2.56 Cross-referencing by name of section

(d:/Latex/texlive/2025/texmf-dist/tex/latex/refcount/refcount.sty
Package: refcount 2019/12/15 v3.6 Data extraction from label references (HO)
)
(d:/Latex/texlive/2025/texmf-dist/tex/generic/gettitlestring/gettitlestring.sty
Package: gettitlestring 2019/12/15 v1.6 Cleanup title references (HO)
(d:/Latex/texlive/2025/texmf-dist/tex/latex/kvoptions/kvoptions.sty
Package: kvoptions 2022-06-15 v3.15 Key value format for package options (HO)
))
\c@section@level=\count299
)
(d:/Latex/texlive/2025/texmf-dist/tex/latex/etoolbox/etoolbox.sty
Package: etoolbox 2025/02/11 v2.5l e-TeX tools for LaTeX (JAW)
\etb@tempcnta=\count300
)
(d:/Latex/texlive/2025/texmf-dist/tex/generic/stringenc/stringenc.sty
Package: stringenc 2019/11/29 v1.12 Convert strings between diff. encodings (HO
)
)
\@linkdim=\dimen190
\Hy@linkcounter=\count301
\Hy@pagecounter=\count302

(d:/Latex/texlive/2025/texmf-dist/tex/latex/hyperref/pd1enc.def
File: pd1enc.def 2024-11-05 v7.01l Hyperref: PDFDocEncoding definition (HO)
Now handling font encoding PD1 ...
... no UTF-8 mapping file for font encoding PD1
)
(d:/Latex/texlive/2025/texmf-dist/tex/generic/intcalc/intcalc.sty
Package: intcalc 2019/12/15 v1.3 Expandable calculations with integers (HO)
)
\Hy@SavedSpaceFactor=\count303

(d:/Latex/texlive/2025/texmf-dist/tex/latex/hyperref/puenc.def
File: puenc.def 2024-11-05 v7.01l Hyperref: PDF Unicode definition (HO)
Now handling font encoding PU ...
... no UTF-8 mapping file for font encoding PU
)
Package hyperref Info: Option `unicode' set `true' on input line 4040.
Package hyperref Info: Hyper figures OFF on input line 4157.
Package hyperref Info: Link nesting OFF on input line 4162.
Package hyperref Info: Hyper index ON on input line 4165.
Package hyperref Info: Plain pages OFF on input line 4172.
Package hyperref Info: Backreferencing OFF on input line 4177.
Package hyperref Info: Implicit mode ON; LaTeX internals redefined.
Package hyperref Info: Bookmarks ON on input line 4424.
\c@Hy@tempcnt=\count304

(d:/Latex/texlive/2025/texmf-dist/tex/latex/url/url.sty
\Urlmuskip=\muskip17
Package: url 2013/09/16  ver 3.4  Verb mode for urls, etc.
)
LaTeX Info: Redefining \url on input line 4763.
\XeTeXLinkMargin=\dimen191

(d:/Latex/texlive/2025/texmf-dist/tex/generic/bitset/bitset.sty
Package: bitset 2019/12/09 v1.3 Handle bit-vector datatype (HO)

(d:/Latex/texlive/2025/texmf-dist/tex/generic/bigintcalc/bigintcalc.sty
Package: bigintcalc 2019/12/15 v1.5 Expandable calculations on big integers (HO
)
))
\Fld@menulength=\count305
\Field@Width=\dimen192
\Fld@charsize=\dimen193
Package hyperref Info: Hyper figures OFF on input line 6042.
Package hyperref Info: Link nesting OFF on input line 6047.
Package hyperref Info: Hyper index ON on input line 6050.
Package hyperref Info: backreferencing OFF on input line 6057.
Package hyperref Info: Link coloring OFF on input line 6062.
Package hyperref Info: Link coloring with OCG OFF on input line 6067.
Package hyperref Info: PDF/A mode OFF on input line 6072.

(d:/Latex/texlive/2025/texmf-dist/tex/latex/base/atbegshi-ltx.sty
Package: atbegshi-ltx 2021/01/10 v1.0c Emulation of the original atbegshi
package with kernel methods
)
\Hy@abspage=\count306
\c@Item=\count307
\c@Hfootnote=\count308
)
Package hyperref Info: Driver (autodetected): hpdftex.

(d:/Latex/texlive/2025/texmf-dist/tex/latex/hyperref/hpdftex.def
File: hpdftex.def 2024-11-05 v7.01l Hyperref driver for pdfTeX

(d:/Latex/texlive/2025/texmf-dist/tex/latex/base/atveryend-ltx.sty
Package: atveryend-ltx 2020/08/19 v1.0a Emulation of the original atveryend pac
kage
with kernel methods
)
\Fld@listcount=\count309
\c@bookmark@seq@number=\count310

(d:/Latex/texlive/2025/texmf-dist/tex/latex/rerunfilecheck/rerunfilecheck.sty
Package: rerunfilecheck 2022-07-10 v1.10 Rerun checks for auxiliary files (HO)

(d:/Latex/texlive/2025/texmf-dist/tex/generic/uniquecounter/uniquecounter.sty
Package: uniquecounter 2019/12/15 v1.4 Provide unlimited unique counter (HO)
)
Package uniquecounter Info: New unique counter `rerunfilecheck' on input line 2
85.
)
\Hy@SectionHShift=\skip76
) (d:/Latex/texlive/2025/texmf-dist/tex/latex/xurl/xurl.sty
Package: xurl 2022/01/09 v 0.10 modify URL breaks
)
Package hyperref Info: Option `colorlinks' set `true' on input line 29.

(d:/Latex/texlive/2025/texmf-dist/tex/latex/cjk/texinput/UTF8/UTF8.enc
File: UTF8.enc 2021/10/16 4.8.5
)
(d:/Latex/texlive/2025/texmf-dist/tex/latex/cjk/texinput/UTF8/UTF8.chr
File: UTF8.chr 2021/10/16 4.8.5
)
(./µÖ║Þâ¢Õè®Õ¡ªþöƒþë®õ║ºõ©Üõ©ôÕê®µíêõ¥ïÞ»¥þ¿ïµèÑÕæèõ╣ªµ¿íµØ┐.aux)
\openout1 = `µÖ║Þâ¢Õè®Õ¡ªþöƒþë®õ║ºõ©Üõ©ôÕê®µíêõ¥ïÞ»¥þ¿ïµèÑÕæèõ╣ªµ¿íµØ┐.aux'.

LaTeX Font Info:    Checking defaults for OML/cmm/m/it on input line 46.
LaTeX Font Info:    ... okay on input line 46.
LaTeX Font Info:    Checking defaults for OMS/cmsy/m/n on input line 46.
LaTeX Font Info:    ... okay on input line 46.
LaTeX Font Info:    Checking defaults for OT1/cmr/m/n on input line 46.
LaTeX Font Info:    ... okay on input line 46.
LaTeX Font Info:    Checking defaults for T1/cmr/m/n on input line 46.
LaTeX Font Info:    ... okay on input line 46.
LaTeX Font Info:    Checking defaults for TS1/cmr/m/n on input line 46.
LaTeX Font Info:    ... okay on input line 46.
LaTeX Font Info:    Checking defaults for OMX/cmex/m/n on input line 46.
LaTeX Font Info:    ... okay on input line 46.
LaTeX Font Info:    Checking defaults for U/cmr/m/n on input line 46.
LaTeX Font Info:    ... okay on input line 46.
LaTeX Font Info:    Checking defaults for C00/song/m/n on input line 46.
LaTeX Font Info:    ... okay on input line 46.
LaTeX Font Info:    Checking defaults for C05/song/m/n on input line 46.
LaTeX Font Info:    ... okay on input line 46.
LaTeX Font Info:    Checking defaults for C09/song/m/n on input line 46.
LaTeX Font Info:    ... okay on input line 46.
LaTeX Font Info:    Checking defaults for C10/song/m/n on input line 46.
LaTeX Font Info:    ... okay on input line 46.
LaTeX Font Info:    Checking defaults for C20/song/m/n on input line 46.
LaTeX Font Info:    ... okay on input line 46.
LaTeX Font Info:    Checking defaults for C19/song/m/n on input line 46.
LaTeX Font Info:    ... okay on input line 46.
LaTeX Font Info:    Checking defaults for C40/song/m/n on input line 46.
LaTeX Font Info:    ... okay on input line 46.
LaTeX Font Info:    Checking defaults for C42/song/m/n on input line 46.
LaTeX Font Info:    ... okay on input line 46.
LaTeX Font Info:    Checking defaults for C43/song/m/n on input line 46.
LaTeX Font Info:    ... okay on input line 46.
LaTeX Font Info:    Checking defaults for C50/song/m/n on input line 46.
LaTeX Font Info:    ... okay on input line 46.
LaTeX Font Info:    Checking defaults for C52/song/m/n on input line 46.
LaTeX Font Info:    ... okay on input line 46.
LaTeX Font Info:    Checking defaults for C49/song/m/n on input line 46.
LaTeX Font Info:    ... okay on input line 46.
LaTeX Font Info:    Checking defaults for C60/mj/m/n on input line 46.
LaTeX Font Info:    ... okay on input line 46.
LaTeX Font Info:    Checking defaults for C61/mj/m/n on input line 46.
LaTeX Font Info:    ... okay on input line 46.
LaTeX Font Info:    Checking defaults for C63/mj/m/n on input line 46.
LaTeX Font Info:    ... okay on input line 46.
LaTeX Font Info:    Checking defaults for C64/mj/m/n on input line 46.
LaTeX Font Info:    ... okay on input line 46.
LaTeX Font Info:    Checking defaults for C65/mj/m/n on input line 46.
LaTeX Font Info:    ... okay on input line 46.
LaTeX Font Info:    Checking defaults for C70/song/m/n on input line 46.
LaTeX Font Info:    ... okay on input line 46.
LaTeX Font Info:    Checking defaults for C31/song/m/n on input line 46.
LaTeX Font Info:    ... okay on input line 46.
LaTeX Font Info:    Checking defaults for C32/song/m/n on input line 46.
LaTeX Font Info:    ... okay on input line 46.
LaTeX Font Info:    Checking defaults for C33/song/m/n on input line 46.
LaTeX Font Info:    ... okay on input line 46.
LaTeX Font Info:    Checking defaults for C34/song/m/n on input line 46.
LaTeX Font Info:    ... okay on input line 46.
LaTeX Font Info:    Checking defaults for C35/song/m/n on input line 46.
LaTeX Font Info:    ... okay on input line 46.
LaTeX Font Info:    Checking defaults for C36/song/m/n on input line 46.
LaTeX Font Info:    ... okay on input line 46.
LaTeX Font Info:    Checking defaults for C37/song/m/n on input line 46.
LaTeX Font Info:    ... okay on input line 46.
LaTeX Font Info:    Checking defaults for C80/song/m/n on input line 46.
LaTeX Font Info:    ... okay on input line 46.
LaTeX Font Info:    Checking defaults for C81/song/m/n on input line 46.
LaTeX Font Info:    ... okay on input line 46.
LaTeX Font Info:    Checking defaults for C01/song/m/n on input line 46.
LaTeX Font Info:    ... okay on input line 46.
LaTeX Font Info:    Checking defaults for C11/song/m/n on input line 46.
LaTeX Font Info:    ... okay on input line 46.
LaTeX Font Info:    Checking defaults for C21/song/m/n on input line 46.
LaTeX Font Info:    ... okay on input line 46.
LaTeX Font Info:    Checking defaults for C41/song/m/n on input line 46.
LaTeX Font Info:    ... okay on input line 46.
LaTeX Font Info:    Checking defaults for C62/song/m/n on input line 46.
LaTeX Font Info:    ... okay on input line 46.
LaTeX Font Info:    Checking defaults for PD1/pdf/m/n on input line 46.
LaTeX Font Info:    ... okay on input line 46.
LaTeX Font Info:    Checking defaults for PU/pdf/m/n on input line 46.
LaTeX Font Info:    ... okay on input line 46.

*geometry* driver: auto-detecting
*geometry* detected driver: pdftex
*geometry* verbose mode - [ preamble ] result:
* driver: pdftex
* paper: a4paper
* layout: <same size as paper>
* layoutoffset:(h,v)=(0.0pt,0.0pt)
* modes: 
* h-part:(L,W,R)=(79.6678pt, 438.17227pt, 79.6678pt)
* v-part:(T,H,B)=(73.97733pt, 697.0922pt, 73.97733pt)
* \paperwidth=597.50787pt
* \paperheight=845.04684pt
* \textwidth=438.17227pt
* \textheight=697.0922pt
* \oddsidemargin=7.39781pt
* \evensidemargin=7.39781pt
* \topmargin=-35.29266pt
* \headheight=12.0pt
* \headsep=25.0pt
* \topskip=12.0pt
* \footskip=30.0pt
* \marginparwidth=44.0pt
* \marginparsep=10.0pt
* \columnsep=10.0pt
* \skip\footins=10.8pt plus 4.0pt minus 2.0pt
* \hoffset=0.0pt
* \voffset=0.0pt
* \mag=1000
* \@twocolumnfalse
* \@twosidefalse
* \@mparswitchfalse
* \@reversemarginfalse
* (1in=72.27pt=25.4mm, 1cm=28.453pt)

(d:/Latex/texlive/2025/texmf-dist/tex/context/base/mkii/supp-pdf.mkii
[Loading MPS to PDF converter (version 2006.09.02).]
\scratchcounter=\count311
\scratchdimen=\dimen194
\scratchbox=\box66
\nofMPsegments=\count312
\nofMParguments=\count313
\everyMPshowfont=\toks29
\MPscratchCnt=\count314
\MPscratchDim=\dimen195
\MPnumerator=\count315
\makeMPintoPDFobject=\count316
\everyMPtoPDFconversion=\toks30
) (d:/Latex/texlive/2025/texmf-dist/tex/latex/epstopdf-pkg/epstopdf-base.sty
Package: epstopdf-base 2020-01-24 v2.11 Base part for package epstopdf
Package epstopdf-base Info: Redefining graphics rule for `.eps' on input line 4
85.

(d:/Latex/texlive/2025/texmf-dist/tex/latex/latexconfig/epstopdf-sys.cfg
File: epstopdf-sys.cfg 2010/07/13 v1.3 Configuration of (r)epstopdf for TeX Liv
e
))
Package caption Info: Begin \AtBeginDocument code.
Package caption Info: hyperref package is loaded.
Package caption Info: End \AtBeginDocument code.

(d:/Latex/texlive/2025/texmf-dist/tex/latex/graphics/color.sty
Package: color 2024/06/23 v1.3e Standard LaTeX Color (DPC)

(d:/Latex/texlive/2025/texmf-dist/tex/latex/graphics-cfg/color.cfg
File: color.cfg 2016/01/02 v1.6 sample color configuration
)
Package color Info: Driver file: pdftex.def on input line 149.

(d:/Latex/texlive/2025/texmf-dist/tex/latex/graphics/mathcolor.ltx))
Package hyperref Info: Link coloring ON on input line 46.

(./µÖ║Þâ¢Õè®Õ¡ªþöƒþë®õ║ºõ©Üõ©ôÕê®µíêõ¥ïÞ»¥þ¿ïµèÑÕæèõ╣ªµ¿íµØ┐.out)
(./µÖ║Þâ¢Õè®Õ¡ªþöƒþë®õ║ºõ©Üõ©ôÕê®µíêõ¥ïÞ»¥þ¿ïµèÑÕæèõ╣ªµ¿íµØ┐.out)
\@outlinefile=\write3
\openout3 = `µÖ║Þâ¢Õè®Õ¡ªþöƒþë®õ║ºõ©Üõ©ôÕê®µíêõ¥ïÞ»¥þ¿ïµèÑÕæèõ╣ªµ¿íµØ┐.out'.

<./pic/jmu_log.png, id=106, 61.73062pt x 62.73438pt>
File: ./pic/jmu_log.png Graphic file (type png)
<use ./pic/jmu_log.png>
Package pdftex.def Info: ./pic/jmu_log.png  used on input line 56.
(pdftex.def)             Requested size: 79.6678pt x 80.96786pt.
LaTeX Font Info:    Trying to load font information for C70+zhhei on input line
 56.

(d:/Latex/texlive/2025/texmf-dist/tex/latex/zhmetrics/c70zhhei.fd
File: c70zhhei.fd 2009/09/23 4.8.2
)
LaTeX Font Info:    Trying to load font information for C70+rm on input line 63
.

(d:/Latex/texlive/2025/texmf-dist/tex/latex/ctex/fd/c70rm.fd
File: c70rm.fd 2022/07/14 v2.5.10 Chinese font definition (CTEX)
)
Package CJKpunct Info: use punctuation spaces for family 'rm' with punctstyle (
quanjiao) on input line 63.
LaTeX Font Info:    External font `cmex10' loaded for size
(Font)              <15.05624> on input line 64.
LaTeX Font Info:    External font `cmex10' loaded for size
(Font)              <12.045> on input line 64.
LaTeX Font Info:    External font `cmex10' loaded for size
(Font)              <9.03374> on input line 64.
LaTeX Font Info:    External font `cmex10' loaded for size
(Font)              <8> on input line 70.
LaTeX Font Info:    External font `cmex10' loaded for size
(Font)              <6> on input line 70.

Overfull \hbox (2.47705pt too wide) in paragraph at lines 74--74
 []|\OT1/cmr/m/n/12.045 202521332026| 
 []


Overfull \hbox (2.47705pt too wide) in paragraph at lines 76--76
 []|\OT1/cmr/m/n/12.045 202521332022| 
 []




(d:/Latex/texlive/2025/texmf-dist/tex/generic/ctex/zhmap/ctex-zhmap-windows.tex
File: ctex-zhmap-windows.tex 2022/07/14 v2.5.10 Windows font map loader for pdf
TeX and DVIPDFMx (CTEX)
{d:/Latex/texlive/2025/texmf-var/fonts/map/pdftex/updmap/pdftex.map}{UGBK.sfd}{
Unicode.sfd}) [1

 <./pic/jmu_log.png>]
(./µÖ║Þâ¢Õè®Õ¡ªþöƒþë®õ║ºõ©Üõ©ôÕê®µíêõ¥ïÞ»¥þ¿ïµèÑÕæèõ╣ªµ¿íµØ┐.toc)
\tf@toc=\write4
\openout4 = `µÖ║Þâ¢Õè®Õ¡ªþöƒþë®õ║ºõ©Üõ©ôÕê®µíêõ¥ïÞ»¥þ¿ïµèÑÕæèõ╣ªµ¿íµØ┐.toc'.




pdfTeX warning (ext4): destination with the same identifier (name{page.I}) has 
been already used, duplicate ignored
<to be read again> 
                   \relax 
l.99 	\newpage
               [1]

[2]

Package hyperref Warning: The anchor of a bookmark and its parent's must not
(hyperref)                be the same. Added a new anchor on input line 106.

Package CJKpunct Info: use punctuation spaces for family 'zhhei' with punctstyl
e (quanjiao) on input line 110.
<./pic/tab01_patent_info.png, id=304, 1806.75pt x 1124.2pt>
File: ./pic/tab01_patent_info.png Graphic file (type png)
<use ./pic/tab01_patent_info.png>
Package pdftex.def Info: ./pic/tab01_patent_info.png  used on input line 118.
(pdftex.def)             Requested size: 403.11768pt x 250.82416pt.


[1 <./pic/tab01_patent_info.png (PNG copy)>]
<./pic/source_fig05_patent_feeding_flow.png, id=346, 1806.75pt x 1124.2pt>
File: ./pic/source_fig05_patent_feeding_flow.png Graphic file (type png)
<use ./pic/source_fig05_patent_feeding_flow.png>
Package pdftex.def Info: ./pic/source_fig05_patent_feeding_flow.png  used on in
put line 137.
(pdftex.def)             Requested size: 403.11768pt x 250.82416pt.


[2]

[3 <./pic/source_fig05_patent_feeding_flow.png>]
<./pic/tab02_literature_info.png, id=373, 1806.75pt x 1124.2pt>
File: ./pic/tab02_literature_info.png Graphic file (type png)
<use ./pic/tab02_literature_info.png>
Package pdftex.def Info: ./pic/tab02_literature_info.png  used on input line 16
4.
(pdftex.def)             Requested size: 403.11768pt x 250.82416pt.


[4]

[5 <./pic/tab02_literature_info.png (PNG copy)>]

[6]

Package hyperref Warning: The anchor of a bookmark and its parent's must not
(hyperref)                be the same. Added a new anchor on input line 187.



[7]
<./pic/fig01_technology_flow.png, id=410, 1806.75pt x 1124.2pt>
File: ./pic/fig01_technology_flow.png Graphic file (type png)
<use ./pic/fig01_technology_flow.png>
Package pdftex.def Info: ./pic/fig01_technology_flow.png  used on input line 22
2.
(pdftex.def)             Requested size: 416.26231pt x 259.00656pt.


[8 <./pic/fig01_technology_flow.png (PNG copy)>]
<./pic/source_fig03_yolo_history.png, id=422, 794.2172pt x 457.71pt>
File: ./pic/source_fig03_yolo_history.png Graphic file (type png)
<use ./pic/source_fig03_yolo_history.png>
Package pdftex.def Info: ./pic/source_fig03_yolo_history.png  used on input lin
e 236.
(pdftex.def)             Requested size: 394.35236pt x 227.26906pt.


[9]
<./pic/source_fig04_yolov8_framework.png, id=429, 654.19406pt x 573.64313pt>
File: ./pic/source_fig04_yolov8_framework.png Graphic file (type png)
<use ./pic/source_fig04_yolov8_framework.png>
Package pdftex.def Info: ./pic/source_fig04_yolov8_framework.png  used on input
 line 242.
(pdftex.def)             Requested size: 324.24988pt x 284.32623pt.
<./pic/fig02_system_architecture.png, id=431, 1806.75pt x 1124.2pt>
File: ./pic/fig02_system_architecture.png Graphic file (type png)
<use ./pic/fig02_system_architecture.png>
Package pdftex.def Info: ./pic/fig02_system_architecture.png  used on input lin
e 251.
(pdftex.def)             Requested size: 416.26231pt x 259.00656pt.


[10 <./pic/source_fig03_yolo_history.png> <./pic/source_fig04_yolov8_framework.
png>]

[11 <./pic/fig02_system_architecture.png (PNG copy)>]
<./pic/source_fig01_cycle_process.png, id=446, 487.06969pt x 364.36125pt>
File: ./pic/source_fig01_cycle_process.png Graphic file (type png)
<use ./pic/source_fig01_cycle_process.png>
Package pdftex.def Info: ./pic/source_fig01_cycle_process.png  used on input li
ne 265.
(pdftex.def)             Requested size: 315.48456pt x 236.0036pt.
<./pic/source_fig02_control_system.png, id=448, 499.11469pt x 386.19281pt>
File: ./pic/source_fig02_control_system.png Graphic file (type png)
<use ./pic/source_fig02_control_system.png>
Package pdftex.def Info: ./pic/source_fig02_control_system.png  used on input l
ine 271.
(pdftex.def)             Requested size: 315.48456pt x 244.11595pt.
<./pic/fig03_clinical_scenarios.png, id=450, 1806.75pt x 1124.2pt>
File: ./pic/fig03_clinical_scenarios.png Graphic file (type png)
<use ./pic/fig03_clinical_scenarios.png>
Package pdftex.def Info: ./pic/fig03_clinical_scenarios.png  used on input line
 280.
(pdftex.def)             Requested size: 416.26231pt x 259.00656pt.


[12 <./pic/source_fig01_cycle_process.png> <./pic/source_fig02_control_system.p
ng>]
<./pic/tab03_comparison.png, id=461, 1806.75pt x 1124.2pt>
File: ./pic/tab03_comparison.png Graphic file (type png)
<use ./pic/tab03_comparison.png>
Package pdftex.def Info: ./pic/tab03_comparison.png  used on input line 298.
(pdftex.def)             Requested size: 416.26231pt x 259.00656pt.


[13 <./pic/fig03_clinical_scenarios.png (PNG copy)>]

[14 <./pic/tab03_comparison.png (PNG copy)>]
<./pic/fig04_patent_layout.png, id=475, 1806.75pt x 1124.2pt>
File: ./pic/fig04_patent_layout.png Graphic file (type png)
<use ./pic/fig04_patent_layout.png>
Package pdftex.def Info: ./pic/fig04_patent_layout.png  used on input line 325.

(pdftex.def)             Requested size: 394.35236pt x 245.36922pt.


[15 <./pic/fig04_patent_layout.png (PNG copy)>]
<./pic/tab04_problem_solution.png, id=481, 1806.75pt x 1124.2pt>
File: ./pic/tab04_problem_solution.png Graphic file (type png)
<use ./pic/tab04_problem_solution.png>
Package pdftex.def Info: ./pic/tab04_problem_solution.png  used on input line 3
39.
(pdftex.def)             Requested size: 416.26231pt x 259.00656pt.


[16 <./pic/tab04_problem_solution.png (PNG copy)>]
Overfull \hbox (1.37297pt too wide) in paragraph at lines 363--364
[]\C70/rm/m/n/12.045/5f   \C70/rm/m/n/12.045/98 z \C70/rm/m/n/12.045/59 é\OT1/c
mr/m/n/12.045 . \C70/rm/m/n/12.045/57 · \C70/rm/m/n/12.045/4e Ä \C70/rm/m/n/12.
045/72 i \C70/rm/m/n/12.045/80 T \C70/rm/m/n/12.045/7f Q \C70/rm/m/n/12.045/76 
ä \C70/rm/m/n/12.045/4e ║ \C70/rm/m/n/12.045/5d Õ \C70/rm/m/n/12.045/66 z \C70/
rm/m/n/12.045/80 ² \C70/rm/m/n/12.045/6c 4 \C70/rm/m/n/12.045/4e º \C70/rm/m/n/
12.045/51 { \C70/rm/m/n/12.045/6b û \C70/rm/m/n/12.045/76 Ð \C70/rm/m/n/12.045/
63 º \C70/rm/m/n/12.045/7c ¹ \C70/rm/m/n/12.045/7e ▀ \C70/rm/m/n/12.045/76 ä \C
70/rm/m/n/12.045/78 ^^T \C70/rm/m/n/12.045/7a v\OT1/cmr/m/n/12.045 [N]. \C70/rm
/m/n/12.045/51 £ \C70/rm/m/n/12.045/4e ^^Z \C70/rm/m/n/12.045/79 Ð \C70/rm/m/n/
12.045/62 Ç Ñ\OT1/cmr/m/n/12.045 , 2026-
 []


Overfull \hbox (7.11922pt too wide) in paragraph at lines 364--365
[]\C70/rm/m/n/12.045/67 1 \C70/rm/m/n/12.045/9e # \C70/rm/m/n/12.045/5c q\OT1/c
mr/m/n/12.045 , \C70/rm/m/n/12.045/84 ï \C70/rm/m/n/12.045/65 ░ \C70/rm/m/n/12.
045/8d ├\OT1/cmr/m/n/12.045 . \C70/rm/m/n/12.045/5d Õ \C70/rm/m/n/12.045/53 é ^
^V \C70/rm/m/n/12.045/5f ¬ \C70/rm/m/n/12.045/73 » \C70/rm/m/n/12.045/6c 4 \C70
/rm/m/n/12.045/51 { \C70/rm/m/n/12.045/6b û \C70/rm/m/n/12.045/4e - \C70/rm/m/n
/12.045/51 s \C70/rm/m/n/12.045/95 . \C70/rm/m/n/12.045/8b ¥ \C70/rm/m/n/12.045
/59 ^^G \C70/rm/m/n/12.045/76 ä \C70/rm/m/n/12.045/63 º \C70/rm/m/n/12.045/52 6
 \C70/rm/m/n/12.045/7c ¹ \C70/rm/m/n/12.045/7e ▀\OT1/cmr/m/n/12.045 [J]. \C70/r
m/m/n/12.045/79 Å \C70/rm/m/n/12.045/5e · \C70/rm/m/n/12.045/51 £ \C70/rm/m/n/1
2.045/67 :\OT1/cmr/m/n/12.045 , 2020(1):
 []



[17]

[18]
<./pic/fig05_ai_workflow.png, id=504, 1806.75pt x 1124.2pt>
File: ./pic/fig05_ai_workflow.png Graphic file (type png)
<use ./pic/fig05_ai_workflow.png>
Package pdftex.def Info: ./pic/fig05_ai_workflow.png  used on input line 379.
(pdftex.def)             Requested size: 403.11768pt x 250.82416pt.


[19 <./pic/fig05_ai_workflow.png (PNG copy)>]

[20]

Package hyperref Warning: The anchor of a bookmark and its parent's must not
(hyperref)                be the same. Added a new anchor on input line 395.

[21]

[22]

Package hyperref Warning: The anchor of a bookmark and its parent's must not
(hyperref)                be the same. Added a new anchor on input line 433.


Underfull \hbox (badness 1622) in paragraph at lines 455--455
[]|\C70/rm/m/n/12.045/65 ç \C70/rm/m/n/12.045/73 . \C70/rm/m/n/12.045/65 t \C70
/rm/m/n/12.045/74 ^^F|\C70/rm/m/n/12.045/30 ^^A| \C70/rm/m/n/12.045/8b ║ \C70/r
m/m/n/12.045/65 ç \C70/rm/m/n/12.045/52 ^^F \C70/rm/m/n/12.045/67 É|\C70/rm/m/n
/12.045/ff ^^L|
 []


Underfull \hbox (badness 1622) in paragraph at lines 455--455
[]|\C70/rm/m/n/12.045/4e ^^S \C70/rm/m/n/12.045/52 ) \C70/rm/m/n/12.045/68 └ \C
70/rm/m/n/12.045/7d "|\C70/rm/m/n/12.045/30 ^^A| \C70/rm/m/n/12.045/4e 	 \C70/r
m/m/n/12.045/60 ' \C70/rm/m/n/12.045/52 ^^F \C70/rm/m/n/12.045/67 É|\C70/rm/m/n
/12.045/ff ^^L|
 []


Underfull \hbox (badness 1259) in paragraph at lines 455--455
[]|\C70/rm/m/n/12.045/62 Ç \C70/rm/m/n/12.045/67 / \C70/rm/m/n/12.045/53 ƒ \C70
/rm/m/n/12.045/74 ^^F|\C70/rm/m/n/12.045/30 ^^A| \C70/rm/m/n/12.045/7c ¹ \C70/r
m/m/n/12.045/7e ▀ \C70/rm/m/n/12.045/67 Â ä|\C70/rm/m/n/12.045/30 ^^A|
 []


Underfull \hbox (badness 1259) in paragraph at lines 455--455
[]|\C70/rm/m/n/12.045/4e ^^S \C70/rm/m/n/12.045/52 ) \C70/rm/m/n/12.045/5e ^^C 
\C70/rm/m/n/12.045/5c @|\C70/rm/m/n/12.045/30 ^^A| \C70/rm/m/n/12.045/95 ¯ \C70
/rm/m/n/12.045/98 ÿ \C70/rm/m/n/12.045/65 9 \C70/rm/m/n/12.045/8f █|\C70/rm/m/n
/12.045/30 ^^A|
 []


Underfull \hbox (badness 1924) in paragraph at lines 455--455
[]|\C70/rm/m/n/12.045/4e ï \C70/rm/m/n/12.045/5b × \C70/rm/m/n/12.045/68 8 \C70
/rm/m/n/12.045/5b ¨ \C70/rm/m/n/12.045/4e ^^N \C70/rm/m/n/12.045/88 h \C70/rm/m
/n/12.045/8f ¥ \C70/rm/m/n/12.045/4f ¯ \C70/rm/m/n/12.045/65 9|\C70/rm/m/n/12.0
45/ff ^^L|
 []


Underfull \hbox (badness 5548) in paragraph at lines 455--455
[]|\C70/rm/m/n/12.045/52 ^^F \C70/rm/m/n/12.045/5d Õ \C70/rm/m/n/12.045/88 h|\C
70/rm/m/n/12.045/30 ^^A| \C70/rm/m/n/12.045/63 ð \C70/rm/m/n/12.045/4e ñ \C70/r
m/m/n/12.045/89 ─ \C70/rm/m/n/12.045/83 ^^C \C70/rm/m/n/12.045/68 8
 []



[23]
Overfull \hbox (9.47253pt too wide) in paragraph at lines 483--484
[]\C70/rm/m/n/12.045/67 , \C70/rm/m/n/12.045/62 Ñ \C70/rm/m/n/12.045/54 J \C70/
rm/m/n/12.045/67 ^^@ \C70/rm/m/n/12.045/51 w \C70/rm/m/n/12.045/4e Ò \C70/rm/m/
n/12.045/88 h \C70/rm/m/n/12.045/60 ' \C70/rm/m/n/12.045/76 ä \C70/rm/m/n/12.04
5/56 ■ \C70/rm/m/n/12.045/88 h \C70/rm/m/n/12.045/4e : |\C70/rm/m/n/12.045/20 ^
^\|\C70/rm/m/n/12.045/66 z \C70/rm/m/n/12.045/80 ² \C70/rm/m/n/12.045/6c 4 \C70
/rm/m/n/12.045/4e º \C70/rm/m/n/12.045/51 { \C70/rm/m/n/12.045/6b û \C70/rm/m/n
/12.045/62 Ç \C70/rm/m/n/12.045/67 / \C70/rm/m/n/12.045/53 ƒ \C70/rm/m/n/12.045
/74 ^^F \C70/rm/m/n/12.045/6d A \C70/rm/m/n/12.045/7a  \C70/rm/m/n/12.045/56 ■
|\C70/rm/m/n/12.045/20 ^^]||^^\|\OT1/cmr/m/n/12.045 CN116076421A/B
 []



[24]

[25] (./µÖ║Þâ¢Õè®Õ¡ªþöƒþë®õ║ºõ©Üõ©ôÕê®µíêõ¥ïÞ»¥þ¿ïµèÑÕæèõ╣ªµ¿íµØ┐.aux)
 ***********
LaTeX2e <2024-11-01> patch level 2
L3 programming layer <2022/07/14>
 ***********
Package rerunfilecheck Info: File `µÖ║Þâ¢Õè®Õ¡ªþöƒþë®õ║ºõ©Üõ©ôÕê®µíêõ¥ïÞ»¥þ¿ïµè
ÑÕæèõ╣ªµ¿íµØ┐.out' has not changed.
(rerunfilecheck)             Checksum: 106AFC19CBFA148ECA06D659075DC898;3900.
 ) 
Here is how much of TeX's memory you used:
 18092 strings out of 473190
 325419 string characters out of 5716853
 699950 words of memory out of 5000000
 40632 multiletter control sequences out of 15000+600000
 634347 words of font info for 310 fonts, out of 8000000 for 9000
 1141 hyphenation exceptions out of 8191
 80i,12n,83p,1243b,612s stack positions out of 10000i,1000n,20000p,200000b,200000s
<c:/Windows/Fonts/simhei.ttf><c:/Windows/Fonts/simhei.ttf><c:/Windows/Fonts/s
imhei.ttf><c:/Windows/Fonts/simhei.ttf><c:/Windows/Fonts/simhei.ttf><c:/Windows
/Fonts/simhei.ttf><c:/Windows/Fonts/simhei.ttf><c:/Windows/Fonts/simhei.ttf><c:
/Windows/Fonts/simhei.ttf><c:/Windows/Fonts/simsun.ttc><c:/Windows/Fonts/simsun
.ttc><c:/Windows/Fonts/simsun.ttc><c:/Windows/Fonts/simhei.ttf><c:/Windows/Font
s/simhei.ttf><c:/Windows/Fonts/simsun.ttc><c:/Windows/Fonts/simhei.ttf><c:/Wind
ows/Fonts/simhei.ttf><c:/Windows/Fonts/simhei.ttf><c:/Windows/Fonts/simsun.ttc>
<c:/Windows/Fonts/simhei.ttf><c:/Windows/Fonts/simhei.ttf><c:/Windows/Fonts/sim
sun.ttc><c:/Windows/Fonts/simsun.ttc><c:/Windows/Fonts/simsun.ttc><c:/Windows/F
onts/simsun.ttc><c:/Windows/Fonts/simsun.ttc><c:/Windows/Fonts/simsun.ttc><c:/W
indows/Fonts/simsun.ttc><c:/Windows/Fonts/simsun.ttc><c:/Windows/Fonts/simsun.t
tc><c:/Windows/Fonts/simhei.ttf><c:/Windows/Fonts/simhei.ttf><c:/Windows/Fonts/
simhei.ttf><c:/Windows/Fonts/simhei.ttf><c:/Windows/Fonts/simhei.ttf><c:/Window
s/Fonts/simhei.ttf><c:/Windows/Fonts/simhei.ttf><c:/Windows/Fonts/simhei.ttf><c
:/Windows/Fonts/simhei.ttf><c:/Windows/Fonts/simhei.ttf><c:/Windows/Fonts/simhe
i.ttf><c:/Windows/Fonts/simhei.ttf><c:/Windows/Fonts/simhei.ttf><c:/Windows/Fon
ts/simhei.ttf><c:/Windows/Fonts/simhei.ttf><c:/Windows/Fonts/simsun.ttc><c:/Win
dows/Fonts/simsun.ttc><c:/Windows/Fonts/simsun.ttc><c:/Windows/Fonts/simsun.ttc
><c:/Windows/Fonts/simsun.ttc><c:/Windows/Fonts/simsun.ttc><c:/Windows/Fonts/si
msun.ttc><c:/Windows/Fonts/simsun.ttc><c:/Windows/Fonts/simsun.ttc><c:/Windows/
Fonts/simsun.ttc><c:/Windows/Fonts/simsun.ttc><c:/Windows/Fonts/simsun.ttc><c:/
Windows/Fonts/simsun.ttc><c:/Windows/Fonts/simsun.ttc><c:/Windows/Fonts/simsun.
ttc><c:/Windows/Fonts/simsun.ttc><c:/Windows/Fonts/simsun.ttc><c:/Windows/Fonts
/simsun.ttc><c:/Windows/Fonts/simsun.ttc><c:/Windows/Fonts/simhei.ttf><c:/Windo
ws/Fonts/simhei.ttf><c:/Windows/Fonts/simhei.ttf><c:/Windows/Fonts/simhei.ttf><
c:/Windows/Fonts/simhei.ttf><c:/Windows/Fonts/simhei.ttf><c:/Windows/Fonts/sims
un.ttc><c:/Windows/Fonts/simsun.ttc><c:/Windows/Fonts/simsun.ttc><c:/Windows/Fo
nts/simsun.ttc><c:/Windows/Fonts/simsun.ttc><c:/Windows/Fonts/simsun.ttc><c:/Wi
ndows/Fonts/simsun.ttc><c:/Windows/Fonts/simsun.ttc><c:/Windows/Fonts/simsun.tt
c><c:/Windows/Fonts/simsun.ttc><c:/Windows/Fonts/simsun.ttc><c:/Windows/Fonts/s
imhei.ttf><c:/Windows/Fonts/simhei.ttf><c:/Windows/Fonts/simsun.ttc><c:/Windows
/Fonts/simsun.ttc><c:/Windows/Fonts/simsun.ttc><c:/Windows/Fonts/simsun.ttc><c:
/Windows/Fonts/simhei.ttf><c:/Windows/Fonts/simhei.ttf><c:/Windows/Fonts/simhei
.ttf><c:/Windows/Fonts/simhei.ttf><c:/Windows/Fonts/simhei.ttf><c:/Windows/Font
s/simhei.ttf><c:/Windows/Fonts/simhei.ttf><c:/Windows/Fonts/simsun.ttc><c:/Wind
ows/Fonts/simsun.ttc><c:/Windows/Fonts/simsun.ttc><c:/Windows/Fonts/simsun.ttc>
<c:/Windows/Fonts/simsun.ttc><c:/Windows/Fonts/simsun.ttc><c:/Windows/Fonts/sim
sun.ttc><c:/Windows/Fonts/simsun.ttc><c:/Windows/Fonts/simsun.ttc><c:/Windows/F
onts/simsun.ttc><c:/Windows/Fonts/simsun.ttc><c:/Windows/Fonts/simsun.ttc><c:/W
indows/Fonts/simsun.ttc><c:/Windows/Fonts/simsun.ttc><c:/Windows/Fonts/simsun.t
tc><c:/Windows/Fonts/simsun.ttc><c:/Windows/Fonts/simsun.ttc><c:/Windows/Fonts/
simsun.ttc><c:/Windows/Fonts/simsun.ttc><c:/Windows/Fonts/simsun.ttc><c:/Window
s/Fonts/simsun.ttc><c:/Windows/Fonts/simsun.ttc><c:/Windows/Fonts/simsun.ttc><c
:/Windows/Fonts/simsun.ttc><c:/Windows/Fonts/simsun.ttc><c:/Windows/Fonts/simsu
n.ttc><c:/Windows/Fonts/simsun.ttc><c:/Windows/Fonts/simsun.ttc><c:/Windows/Fon
ts/simsun.ttc><c:/Windows/Fonts/simsun.ttc><c:/Windows/Fonts/simsun.ttc><c:/Win
dows/Fonts/simsun.ttc><c:/Windows/Fonts/simsun.ttc><c:/Windows/Fonts/simhei.ttf
><c:/Windows/Fonts/simhei.ttf><c:/Windows/Fonts/simhei.ttf><c:/Windows/Fonts/si
mhei.ttf><c:/Windows/Fonts/simhei.ttf><c:/Windows/Fonts/simhei.ttf><c:/Windows/
Fonts/simhei.ttf><c:/Windows/Fonts/simhei.ttf><c:/Windows/Fonts/simhei.ttf><c:/
Windows/Fonts/simhei.ttf><c:/Windows/Fonts/simhei.ttf><c:/Windows/Fonts/simhei.
ttf><c:/Windows/Fonts/simhei.ttf><c:/Windows/Fonts/simhei.ttf><c:/Windows/Fonts
/simhei.ttf><c:/Windows/Fonts/simhei.ttf><d:/Latex/texlive/2025/texmf-dist/font
s/type1/public/amsfonts/cm/cmbx12.pfb><d:/Latex/texlive/2025/texmf-dist/fonts/t
ype1/public/amsfonts/cm/cmr12.pfb>
Output written on µÖ║Þâ¢Õè®Õ¡ªþöƒþë®õ║ºõ©Üõ©ôÕê®µíêõ¥ïÞ»¥þ¿ïµèÑÕæèõ╣ªµ¿íµØ┐.pdf
 (28 pages, 3504687 bytes).
PDF statistics:
 1000 PDF objects out of 1000 (max. 8388607)
 714 compressed objects within 8 object streams
 56 named destinations out of 1000 (max. 500000)
 624 words of extra memory for PDF output out of 10000 (max. 10000000)

